  [1m[36m (0.1ms)[0m  [1mselect sqlite_version(*)[0m
  [1m[35m (1.5ms)[0m  CREATE TABLE "schema_migrations" ("version" varchar(255) NOT NULL) 
  [1m[36m (0.0ms)[0m  [1mPRAGMA index_list("schema_migrations")[0m
  [1m[35m (56.7ms)[0m  CREATE UNIQUE INDEX "unique_schema_migrations" ON "schema_migrations" ("version")
  [1m[36m (0.1ms)[0m  [1mSELECT "schema_migrations"."version" FROM "schema_migrations" [0m
Migrating to CreateContributors (20120315120937)
  [1m[35m (0.0ms)[0m  begin transaction
  [1m[36m (0.6ms)[0m  [1mCREATE TABLE "contributors" ("id" INTEGER PRIMARY KEY AUTOINCREMENT NOT NULL, "import_id" integer, "product_id" integer, "role_name" varchar(255), "role" varchar(255), "from_language" varchar(255), "full_name" varchar(255), "title" varchar(255), "first_name" varchar(255), "last_name_prefix" varchar(255), "last_name" varchar(255), "last_name_postfix" varchar(255), "biography" text, "created_at" datetime NOT NULL, "updated_at" datetime NOT NULL) [0m
  [1m[35m (0.1ms)[0m  INSERT INTO "schema_migrations" ("version") VALUES ('20120315120937')
  [1m[36m (2.1ms)[0m  [1mcommit transaction[0m
Migrating to CreateProductTexts (20120315131231)
  [1m[35m (0.1ms)[0m  begin transaction
  [1m[36m (0.5ms)[0m  [1mCREATE TABLE "product_texts" ("id" INTEGER PRIMARY KEY AUTOINCREMENT NOT NULL, "import_id" integer, "product_id" integer, "text" text, "type" varchar(255), "text_author" varchar(255), "source_title" varchar(255), "resource_link" varchar(255), "created_at" datetime NOT NULL, "updated_at" datetime NOT NULL) [0m
  [1m[35m (0.1ms)[0m  INSERT INTO "schema_migrations" ("version") VALUES ('20120315131231')
  [1m[36m (1.4ms)[0m  [1mcommit transaction[0m
Migrating to CreateProducts (20120315134035)
  [1m[35m (0.0ms)[0m  begin transaction
  [1m[36m (0.6ms)[0m  [1mCREATE TABLE "products" ("id" INTEGER PRIMARY KEY AUTOINCREMENT NOT NULL, "record_reference" varchar(255) NOT NULL, "isbn" varchar(255), "title" varchar(255), "full_title" varchar(255), "trade_title" varchar(255), "original_title" varchar(255), "publication_year" integer, "publication_month" integer, "publication_day" integer, "number_of_pages" integer, "duration" integer, "width" integer, "height" integer, "cover_type" varchar(255), "edition_statement" varchar(255), "audience_age_from" integer, "audience_age_to" integer, "price_amount" varchar(255), "vat" integer, "pkwiu" varchar(255), "current_state" varchar(255), "product_form" varchar(255), "preview_exists" boolean DEFAULT 'f', "no_contributor" boolean DEFAULT 'f', "unnamed_persons" boolean DEFAULT 'f', "created_at" datetime NOT NULL, "updated_at" datetime NOT NULL) [0m
  [1m[35m (0.1ms)[0m  INSERT INTO "schema_migrations" ("version") VALUES ('20120315134035')
  [1m[36m (1.5ms)[0m  [1mcommit transaction[0m
  [1m[35m (0.1ms)[0m  select sqlite_version(*)
  [1m[36m (0.1ms)[0m  [1mSELECT "schema_migrations"."version" FROM "schema_migrations" [0m
  [1m[35m (0.0ms)[0m  PRAGMA index_list("contributors")
  [1m[36m (0.0ms)[0m  [1mPRAGMA index_list("product_texts")[0m
  [1m[35m (0.0ms)[0m  PRAGMA index_list("products")
  [1m[36m (0.1ms)[0m  [1mSELECT "schema_migrations"."version" FROM "schema_migrations" [0m
Migrating to CreateContributors (20120315120937)
Migrating to CreateProductTexts (20120315131231)
Migrating to CreateProducts (20120315134035)
Migrating to AddOldXmlToProductModel (20120330183626)
  [1m[35m (0.0ms)[0m  select sqlite_version(*)
  [1m[36m (0.0ms)[0m  [1mbegin transaction[0m
  [1m[35m (59.0ms)[0m  ALTER TABLE "products" ADD "old_xml" text
  [1m[36m (0.2ms)[0m  [1mINSERT INTO "schema_migrations" ("version") VALUES ('20120330183626')[0m
  [1m[35m (1.7ms)[0m  commit transaction
  [1m[36m (0.1ms)[0m  [1mselect sqlite_version(*)[0m
  [1m[35m (0.5ms)[0m  SELECT "schema_migrations"."version" FROM "schema_migrations" 
  [1m[36m (0.0ms)[0m  [1mPRAGMA index_list("contributors")[0m
  [1m[35m (0.0ms)[0m  PRAGMA index_list("product_texts")
  [1m[36m (0.0ms)[0m  [1mPRAGMA index_list("products")[0m
DEPRECATION WARNING: You're trying to create an attribute `<?xml version='1.0' encoding='UTF-8'?>
                <ONIXMessage xmlns:elibri='http://elibri.com.pl/ns/extensions' xmlns='`http://www.editeur.org/onix/3.0/reference' release='3.0'>
                    <elibri:Dialect>3.0.1</elibri:Dialect><Product>
  <RecordReference>4abe881eeb6872df80e4</RecordReference>
  <NotificationType>02</NotificationType>
  <elibri:CoverType>twarda</elibri:CoverType>
  <elibri:CoverPrice>22.9</elibri:CoverPrice>
  <elibri:Vat>5</elibri:Vat>
  <elibri:PKWiU>58.11.13.0</elibri:PKWiU>
  <elibri:preview_exists>true</elibri:preview_exists>
  <ProductIdentifier>
    <ProductIDType>15</ProductIDType>
    <IDValue>9788363010218</IDValue>
  </ProductIdentifier>
  <RelatedMaterial/>
  <ProductSupply/>
  <DescriptiveDetail>
    <ProductComposition>00</ProductComposition>
    <ProductForm>BA</ProductForm>
    <Measure>
      <MeasureType>01</MeasureType>
      <Measurement>205</Measurement>
      <MeasureUnitCode>mm</MeasureUnitCode>
    </Measure>
    <Measure>
      <MeasureType>02</MeasureType>
      <Measurement>145</Measurement>
      <MeasureUnitCode>mm</MeasureUnitCode>
    </Measure>
    <TitleDetail>
      <TitleType>01</TitleType>
      <TitleElement>
        <TitleElementLevel>01</TitleElementLevel>
        <TitleText>Superwakacje z szalon&#x105; babci&#x105;</TitleText>
      </TitleElement>
    </TitleDetail>
    <TitleDetail>
      <TitleType>10</TitleType>
      <TitleElement>
        <TitleElementLevel>01</TitleElementLevel>
        <TitleText>SUPERWAKACJE Z SZALON&#x104; BABCI&#x104;</TitleText>
      </TitleElement>
    </TitleDetail>
    <Contributor sourcename="contributorid:17052" datestamp="20120222T1535">
      <SequenceNumber>1</SequenceNumber>
      <ContributorRole>A01</ContributorRole>
      <PersonName>Elin Lindell</PersonName>
      <FromLanguage></FromLanguage>
      <NamesBeforeKey>Elin</NamesBeforeKey>
      <KeyNames>Lindell</KeyNames>
    </Contributor>
    <Language>
      <LanguageRole>01</LanguageRole>
      <LanguageCode>pol</LanguageCode>
    </Language>
    <Extent>
      <ExtentType>00</ExtentType>
      <ExtentValue>112</ExtentValue>
      <ExtentUnit>03</ExtentUnit>
    </Extent>
    <Subject>
      <SubjectSchemeIdentifier>24</SubjectSchemeIdentifier>
      <SubjectSchemeName>elibri.com.pl</SubjectSchemeName>
      <SubjectSchemeVersion>1.0</SubjectSchemeVersion>
      <SubjectCode>578</SubjectCode>
      <SubjectHeadingText>Dla m&#x142;odzie&#x17C;y / Literatura m&#x142;odzie&#x17C;owa / Powie&#x15B;&#x107; przygodowa</SubjectHeadingText>
      <MainSubject></MainSubject>
    </Subject>
    <AudienceRange>
      <AudienceRangeQualifier>18</AudienceRangeQualifier>
      <AudienceRangePrecision>03</AudienceRangePrecision>
      <AudienceRangeValue>6</AudienceRangeValue>
    </AudienceRange>
    <AudienceRange>
      <AudienceRangeQualifier>18</AudienceRangeQualifier>
      <AudienceRangePrecision>04</AudienceRangePrecision>
      <AudienceRangeValue>9</AudienceRangeValue>
    </AudienceRange>
    <EditionStatement>wyd. 1</EditionStatement>
  </DescriptiveDetail>
  <CollateralDetail>
    <TextContent sourcename="textid:12140" datestamp="20120328T2001">
      <TextType>03</TextType>
      <Text><![CDATA[<p> <em>Superwakacje z szaloną babcią</em> to przezabawna i pełna niespodzianek książka do czytania zarówno z rodzicami, jak i samodzielnie.</p> <p> Iris niespecjalnie cieszy się na nadchodzące wakacje. Ma je spędzić razem z babcią, która jest bardzo smutna po śmierci dziadka. Iris wolałaby wyjechać gdzieś nad morze tak jak jej przyjaciółka, ale tata twierdzi, że powinna pojechać do babci. Jedzie więc, ale bez przekonania. To, co się im przydarzy jest tak niezwykłe, że nawet w najśmielszych marzeniach  nie mogłaby sobie tego wyobrazić. Podczas tych jednych wakacji przeżyje tyle przygód, ile większość ludzi przez całe swoje życie!</p> <p> Koniecznie przeczytajcie!</p>]]></Text>
    </TextContent>
    <SupportingResource sourcename="resourceid:17107" datestamp="20120330T1012">
      <ResourceContentType>01</ResourceContentType>
      <ResourceMode>03</ResourceMode>
      <ResourceVersion>
        <ResourceForm>02</ResourceForm>
        <ResourceLink>http://www.elibri.com.pl/system/product_attachments/production/000/017/107/original/5a6c8140/iris_okladka_v0320120330-20387-1xlt2fa-0.png?1333102307</ResourceLink>
      </ResourceVersion>
    </SupportingResource>
  </CollateralDetail>
  <PublishingDetail>
    <Publisher>
      <PublishingRole>01</PublishingRole>
      <PublisherName>Czarna Owieczka</PublisherName>
      <PublisherIdentifier>
        <IDValue>10</IDValue>
      </PublisherIdentifier>
    </Publisher>
    <PublishingStatus>02</PublishingStatus>
    <PublishingDate>
      <PublishingDateRole>01</PublishingDateRole>
      <DateFormat>00</DateFormat>
      <Date>20120418</Date>
    </PublishingDate>
  </PublishingDetail>
</Product></ONIXMessage>'. Writing arbitrary attributes on a model is deprecated. Please just use `attr_writer` etc. (called from update_product_from_elibri at /Users/esse/work/gildia/acts_as_elibri_product/lib/acts_as_elibri_product.rb:28)
